dotnet watch 🔥 Hot reload enabled. For a list of supported edits, see https://aka.ms/dotnet/hot-reload.
  💡 Press "Ctrl + R" to restart.
dotnet watch 🔧 Building...
  Determining projects to restore...
  All projects are up-to-date for restore.
  Mission11_Stephenson.API -> /Users/calebstephenson/Desktop/Mission11_Stephenson/backend/Mission11_Stephenson.API/bin/Debug/net8.0/Mission11_Stephenson.API.dll
dotnet watch 🚀 Started
warn: Microsoft.AspNetCore.Server.Kestrel.Core.KestrelServer[8]
      The ASP.NET Core developer certificate is not trusted. For information about trusting the ASP.NET Core developer certificate, see https://aka.ms/aspnet/https-trust-dev-cert.
info: Microsoft.Hosting.Lifetime[14]
      Now listening on: https://localhost:5000
info: Microsoft.Hosting.Lifetime[14]
      Now listening on: http://localhost:4000
info: Microsoft.Hosting.Lifetime[0]
      Application started. Press Ctrl+C to shut down.
info: Microsoft.Hosting.Lifetime[0]
      Hosting environment: Development
info: Microsoft.Hosting.Lifetime[0]
      Content root path: /Users/calebstephenson/Desktop/Mission11_Stephenson/backend/Mission11_Stephenson.API
info: Microsoft.EntityFrameworkCore.Database.Command[20101]
      Executed DbCommand (3ms) [Parameters=[@__p_1='?' (DbType = Int32), @__p_0='?' (DbType = Int32)], CommandType='Text', CommandTimeout='30']
      SELECT "b"."BookID", "b"."Author", "b"."Category", "b"."Classification", "b"."ISBN", "b"."PageCount", "b"."Price", "b"."Publisher", "b"."Title"
      FROM "Books" AS "b"
      ORDER BY "b"."Title"
      LIMIT @__p_1 OFFSET @__p_0
info: Microsoft.EntityFrameworkCore.Database.Command[20101]
      Executed DbCommand (0ms) [Parameters=[], CommandType='Text', CommandTimeout='30']
      SELECT COUNT(*)
      FROM "Books" AS "b"
info: Microsoft.EntityFrameworkCore.Database.Command[20101]
      Executed DbCommand (0ms) [Parameters=[@__p_1='?' (DbType = Int32), @__p_0='?' (DbType = Int32)], CommandType='Text', CommandTimeout='30']
      SELECT "b"."BookID", "b"."Author", "b"."Category", "b"."Classification", "b"."ISBN", "b"."PageCount", "b"."Price", "b"."Publisher", "b"."Title"
      FROM "Books" AS "b"
      ORDER BY "b"."Title"
      LIMIT @__p_1 OFFSET @__p_0
info: Microsoft.EntityFrameworkCore.Database.Command[20101]
      Executed DbCommand (0ms) [Parameters=[], CommandType='Text', CommandTimeout='30']
      SELECT COUNT(*)
      FROM "Books" AS "b"
info: Microsoft.EntityFrameworkCore.Database.Command[20101]
      Executed DbCommand (0ms) [Parameters=[@__p_1='?' (DbType = Int32), @__p_0='?' (DbType = Int32)], CommandType='Text', CommandTimeout='30']
      SELECT "b"."BookID", "b"."Author", "b"."Category", "b"."Classification", "b"."ISBN", "b"."PageCount", "b"."Price", "b"."Publisher", "b"."Title"
      FROM "Books" AS "b"
      ORDER BY "b"."Title" DESC
      LIMIT @__p_1 OFFSET @__p_0
info: Microsoft.EntityFrameworkCore.Database.Command[20101]
      Executed DbCommand (0ms) [Parameters=[], CommandType='Text', CommandTimeout='30']
      SELECT COUNT(*)
      FROM "Books" AS "b"
info: Microsoft.EntityFrameworkCore.Database.Command[20101]
      Executed DbCommand (0ms) [Parameters=[@__p_1='?' (DbType = Int32), @__p_0='?' (DbType = Int32)], CommandType='Text', CommandTimeout='30']
      SELECT "b"."BookID", "b"."Author", "b"."Category", "b"."Classification", "b"."ISBN", "b"."PageCount", "b"."Price", "b"."Publisher", "b"."Title"
      FROM "Books" AS "b"
      ORDER BY "b"."Title"
      LIMIT @__p_1 OFFSET @__p_0
info: Microsoft.EntityFrameworkCore.Database.Command[20101]
      Executed DbCommand (0ms) [Parameters=[], CommandType='Text', CommandTimeout='30']
      SELECT COUNT(*)
      FROM "Books" AS "b"
info: Microsoft.EntityFrameworkCore.Database.Command[20101]
      Executed DbCommand (0ms) [Parameters=[@__p_1='?' (DbType = Int32), @__p_0='?' (DbType = Int32)], CommandType='Text', CommandTimeout='30']
      SELECT "b"."BookID", "b"."Author", "b"."Category", "b"."Classification", "b"."ISBN", "b"."PageCount", "b"."Price", "b"."Publisher", "b"."Title"
      FROM "Books" AS "b"
      ORDER BY "b"."Title" DESC
      LIMIT @__p_1 OFFSET @__p_0
info: Microsoft.EntityFrameworkCore.Database.Command[20101]
      Executed DbCommand (0ms) [Parameters=[], CommandType='Text', CommandTimeout='30']
      SELECT COUNT(*)
      FROM "Books" AS "b"
info: Microsoft.EntityFrameworkCore.Database.Command[20101]
      Executed DbCommand (0ms) [Parameters=[@__p_1='?' (DbType = Int32), @__p_0='?' (DbType = Int32)], CommandType='Text', CommandTimeout='30']
      SELECT "b"."BookID", "b"."Author", "b"."Category", "b"."Classification", "b"."ISBN", "b"."PageCount", "b"."Price", "b"."Publisher", "b"."Title"
      FROM "Books" AS "b"
      ORDER BY "b"."Title"
      LIMIT @__p_1 OFFSET @__p_0
info: Microsoft.EntityFrameworkCore.Database.Command[20101]
      Executed DbCommand (0ms) [Parameters=[], CommandType='Text', CommandTimeout='30']
      SELECT COUNT(*)
      FROM "Books" AS "b"
info: Microsoft.EntityFrameworkCore.Database.Command[20101]
      Executed DbCommand (0ms) [Parameters=[@__p_1='?' (DbType = Int32), @__p_0='?' (DbType = Int32)], CommandType='Text', CommandTimeout='30']
      SELECT "b"."BookID", "b"."Author", "b"."Category", "b"."Classification", "b"."ISBN", "b"."PageCount", "b"."Price", "b"."Publisher", "b"."Title"
      FROM "Books" AS "b"
      ORDER BY "b"."Title" DESC
      LIMIT @__p_1 OFFSET @__p_0
info: Microsoft.EntityFrameworkCore.Database.Command[20101]
      Executed DbCommand (0ms) [Parameters=[], CommandType='Text', CommandTimeout='30']
      SELECT COUNT(*)
      FROM "Books" AS "b"
info: Microsoft.EntityFrameworkCore.Database.Command[20101]
      Executed DbCommand (1ms) [Parameters=[@__p_1='?' (DbType = Int32), @__p_0='?' (DbType = Int32)], CommandType='Text', CommandTimeout='30']
      SELECT "b"."BookID", "b"."Author", "b"."Category", "b"."Classification", "b"."ISBN", "b"."PageCount", "b"."Price", "b"."Publisher", "b"."Title"
      FROM "Books" AS "b"
      ORDER BY "b"."Title"
      LIMIT @__p_1 OFFSET @__p_0
info: Microsoft.EntityFrameworkCore.Database.Command[20101]
      Executed DbCommand (0ms) [Parameters=[], CommandType='Text', CommandTimeout='30']
      SELECT COUNT(*)
      FROM "Books" AS "b"
info: Microsoft.EntityFrameworkCore.Database.Command[20101]
      Executed DbCommand (0ms) [Parameters=[@__p_1='?' (DbType = Int32), @__p_0='?' (DbType = Int32)], CommandType='Text', CommandTimeout='30']
      SELECT "b"."BookID", "b"."Author", "b"."Category", "b"."Classification", "b"."ISBN", "b"."PageCount", "b"."Price", "b"."Publisher", "b"."Title"
      FROM "Books" AS "b"
      ORDER BY "b"."Title"
      LIMIT @__p_1 OFFSET @__p_0
info: Microsoft.EntityFrameworkCore.Database.Command[20101]
      Executed DbCommand (0ms) [Parameters=[], CommandType='Text', CommandTimeout='30']
      SELECT COUNT(*)
      FROM "Books" AS "b"
info: Microsoft.EntityFrameworkCore.Database.Command[20101]
      Executed DbCommand (0ms) [Parameters=[@__p_1='?' (DbType = Int32), @__p_0='?' (DbType = Int32)], CommandType='Text', CommandTimeout='30']
      SELECT "b"."BookID", "b"."Author", "b"."Category", "b"."Classification", "b"."ISBN", "b"."PageCount", "b"."Price", "b"."Publisher", "b"."Title"
      FROM "Books" AS "b"
      ORDER BY "b"."Title"
      LIMIT @__p_1 OFFSET @__p_0
info: Microsoft.EntityFrameworkCore.Database.Command[20101]
      Executed DbCommand (0ms) [Parameters=[], CommandType='Text', CommandTimeout='30']
      SELECT COUNT(*)
      FROM "Books" AS "b"
info: Microsoft.EntityFrameworkCore.Database.Command[20101]
      Executed DbCommand (0ms) [Parameters=[@__p_1='?' (DbType = Int32), @__p_0='?' (DbType = Int32)], CommandType='Text', CommandTimeout='30']
      SELECT "b"."BookID", "b"."Author", "b"."Category", "b"."Classification", "b"."ISBN", "b"."PageCount", "b"."Price", "b"."Publisher", "b"."Title"
      FROM "Books" AS "b"
      ORDER BY "b"."Title" DESC
      LIMIT @__p_1 OFFSET @__p_0
info: Microsoft.EntityFrameworkCore.Database.Command[20101]
      Executed DbCommand (0ms) [Parameters=[], CommandType='Text', CommandTimeout='30']
      SELECT COUNT(*)
      FROM "Books" AS "b"
info: Microsoft.EntityFrameworkCore.Database.Command[20101]
      Executed DbCommand (0ms) [Parameters=[@__p_1='?' (DbType = Int32), @__p_0='?' (DbType = Int32)], CommandType='Text', CommandTimeout='30']
      SELECT "b"."BookID", "b"."Author", "b"."Category", "b"."Classification", "b"."ISBN", "b"."PageCount", "b"."Price", "b"."Publisher", "b"."Title"
      FROM "Books" AS "b"
      ORDER BY "b"."Title"
      LIMIT @__p_1 OFFSET @__p_0
info: Microsoft.EntityFrameworkCore.Database.Command[20101]
      Executed DbCommand (0ms) [Parameters=[], CommandType='Text', CommandTimeout='30']
      SELECT COUNT(*)
      FROM "Books" AS "b"
info: Microsoft.EntityFrameworkCore.Database.Command[20101]
      Executed DbCommand (0ms) [Parameters=[@__p_0='?' (DbType = Int32)], CommandType='Text', CommandTimeout='30']
      SELECT "b"."BookID", "b"."Author", "b"."Category", "b"."Classification", "b"."ISBN", "b"."PageCount", "b"."Price", "b"."Publisher", "b"."Title"
      FROM "Books" AS "b"
      ORDER BY "b"."Title"
      LIMIT @__p_0 OFFSET @__p_0
info: Microsoft.EntityFrameworkCore.Database.Command[20101]
      Executed DbCommand (0ms) [Parameters=[], CommandType='Text', CommandTimeout='30']
      SELECT COUNT(*)
      FROM "Books" AS "b"
info: Microsoft.EntityFrameworkCore.Database.Command[20101]
      Executed DbCommand (0ms) [Parameters=[@__p_1='?' (DbType = Int32), @__p_0='?' (DbType = Int32)], CommandType='Text', CommandTimeout='30']
      SELECT "b"."BookID", "b"."Author", "b"."Category", "b"."Classification", "b"."ISBN", "b"."PageCount", "b"."Price", "b"."Publisher", "b"."Title"
      FROM "Books" AS "b"
      ORDER BY "b"."Title"
      LIMIT @__p_1 OFFSET @__p_0
info: Microsoft.EntityFrameworkCore.Database.Command[20101]
      Executed DbCommand (0ms) [Parameters=[], CommandType='Text', CommandTimeout='30']
      SELECT COUNT(*)
      FROM "Books" AS "b"
info: Microsoft.EntityFrameworkCore.Database.Command[20101]
      Executed DbCommand (0ms) [Parameters=[@__p_1='?' (DbType = Int32), @__p_0='?' (DbType = Int32)], CommandType='Text', CommandTimeout='30']
      SELECT "b"."BookID", "b"."Author", "b"."Category", "b"."Classification", "b"."ISBN", "b"."PageCount", "b"."Price", "b"."Publisher", "b"."Title"
      FROM "Books" AS "b"
      ORDER BY "b"."Title" DESC
      LIMIT @__p_1 OFFSET @__p_0
info: Microsoft.EntityFrameworkCore.Database.Command[20101]
      Executed DbCommand (0ms) [Parameters=[], CommandType='Text', CommandTimeout='30']
      SELECT COUNT(*)
      FROM "Books" AS "b"
info: Microsoft.EntityFrameworkCore.Database.Command[20101]
      Executed DbCommand (0ms) [Parameters=[@__p_1='?' (DbType = Int32), @__p_0='?' (DbType = Int32)], CommandType='Text', CommandTimeout='30']
      SELECT "b"."BookID", "b"."Author", "b"."Category", "b"."Classification", "b"."ISBN", "b"."PageCount", "b"."Price", "b"."Publisher", "b"."Title"
      FROM "Books" AS "b"
      ORDER BY "b"."Title" DESC
      LIMIT @__p_1 OFFSET @__p_0
info: Microsoft.EntityFrameworkCore.Database.Command[20101]
      Executed DbCommand (0ms) [Parameters=[], CommandType='Text', CommandTimeout='30']
      SELECT COUNT(*)
      FROM "Books" AS "b"

dotnet watch ❌ Exited with error code 137
dotnet watch ⏳ Waiting for a file to change before restarting dotnet...
